app/build/intermediates/manifest_merge_blame_file/debug/manifest-merger-blame-debug-report.txt
1<?xml version="1.0" encoding="utf-8"?>
2<manifest xmlns:android="http://schemas.android.com/apk/res/android"
3    package="com.android.foodorderapp"
4    android:versionCode="1"
5    android:versionName="1.0" >
6
7    <uses-sdk
8        android:minSdkVersion="24"
8-->src/main/AndroidManifest.xml
9        android:targetSdkVersion="29" />
9-->src/main/AndroidManifest.xml
10
11    <uses-permission android:name="android.permission.INTERNET" />
11-->src/main/AndroidManifest.xml:5:5-67
11-->src/main/AndroidManifest.xml:5:22-64
12
13    <application
13-->src/main/AndroidManifest.xml:7:5-53:19
14        android:allowBackup="true"
14-->src/main/AndroidManifest.xml:8:9-35
15        android:appComponentFactory="androidx.core.app.CoreComponentFactory"
15-->[androidx.core:core:1.3.1] AndroidManifest.xml:24:18-86
16        android:debuggable="true"
17        android:extractNativeLibs="false"
18        android:icon="@mipmap/ic_launcher"
18-->src/main/AndroidManifest.xml:9:9-43
19        android:label="@string/app_name"
19-->src/main/AndroidManifest.xml:10:9-41
20        android:roundIcon="@mipmap/ic_launcher_round"
20-->src/main/AndroidManifest.xml:11:9-54
21        android:supportsRtl="true"
21-->src/main/AndroidManifest.xml:12:9-35
22        android:testOnly="true"
23        android:theme="@style/Theme.FoodOrderApp" >
23-->src/main/AndroidManifest.xml:13:9-50
24        <activity
24-->src/main/AndroidManifest.xml:14:9-20:20
25            android:name="com.android.foodorderapp.AccountActivity"
25-->src/main/AndroidManifest.xml:15:13-44
26            android:exported="false" >
26-->src/main/AndroidManifest.xml:16:13-37
27            <meta-data
27-->src/main/AndroidManifest.xml:17:13-19:36
28                android:name="android.app.lib_name"
28-->src/main/AndroidManifest.xml:18:17-52
29                android:value="" />
29-->src/main/AndroidManifest.xml:19:17-33
30        </activity>
31        <activity
31-->src/main/AndroidManifest.xml:21:9-27:20
32            android:name="com.android.foodorderapp.DBHelper"
32-->src/main/AndroidManifest.xml:22:13-37
33            android:exported="false" >
33-->src/main/AndroidManifest.xml:23:13-37
34            <meta-data
34-->src/main/AndroidManifest.xml:17:13-19:36
35                android:name="android.app.lib_name"
35-->src/main/AndroidManifest.xml:18:17-52
36                android:value="" />
36-->src/main/AndroidManifest.xml:19:17-33
37        </activity>
38        <activity
38-->src/main/AndroidManifest.xml:28:9-34:20
39            android:name="com.android.foodorderapp.RegisterActivity"
39-->src/main/AndroidManifest.xml:29:13-45
40            android:exported="false" >
40-->src/main/AndroidManifest.xml:30:13-37
41            <meta-data
41-->src/main/AndroidManifest.xml:17:13-19:36
42                android:name="android.app.lib_name"
42-->src/main/AndroidManifest.xml:18:17-52
43                android:value="" />
43-->src/main/AndroidManifest.xml:19:17-33
44        </activity>
45        <activity
45-->src/main/AndroidManifest.xml:35:9-41:20
46            android:name="com.android.foodorderapp.LoginActivity"
46-->src/main/AndroidManifest.xml:36:13-42
47            android:exported="false" >
47-->src/main/AndroidManifest.xml:37:13-37
48            <meta-data
48-->src/main/AndroidManifest.xml:17:13-19:36
49                android:name="android.app.lib_name"
49-->src/main/AndroidManifest.xml:18:17-52
50                android:value="" />
50-->src/main/AndroidManifest.xml:19:17-33
51        </activity>
52        <activity android:name="com.android.foodorderapp.OrderSucceessActivity" />
52-->src/main/AndroidManifest.xml:42:9-59
52-->src/main/AndroidManifest.xml:42:19-56
53        <activity android:name="com.android.foodorderapp.PlaceYourOrderActivity" />
53-->src/main/AndroidManifest.xml:43:9-60
53-->src/main/AndroidManifest.xml:43:19-57
54        <activity android:name="com.android.foodorderapp.RestaurantMenuActivity" />
54-->src/main/AndroidManifest.xml:44:9-60
54-->src/main/AndroidManifest.xml:44:19-57
55        <activity android:name="com.android.foodorderapp.SplashActivity" >
55-->src/main/AndroidManifest.xml:45:9-51:20
55-->src/main/AndroidManifest.xml:45:19-49
56            <intent-filter>
56-->src/main/AndroidManifest.xml:46:13-50:29
57                <action android:name="android.intent.action.MAIN" />
57-->src/main/AndroidManifest.xml:47:17-69
57-->src/main/AndroidManifest.xml:47:25-66
58
59                <category android:name="android.intent.category.LAUNCHER" />
59-->src/main/AndroidManifest.xml:49:17-77
59-->src/main/AndroidManifest.xml:49:27-74
60            </intent-filter>
61        </activity>
62        <activity android:name="com.android.foodorderapp.MainActivity" />
62-->src/main/AndroidManifest.xml:52:9-50
62-->src/main/AndroidManifest.xml:52:19-47
63    </application>
64
65</manifest>